Changes pushed to GitHub at Mon Dec 16 13:58:29 CST 2024.
Changes pushed to GitHub at Mon Dec 16 13:59:30 CST 2024.
Changes pushed to GitHub at Mon Dec 16 14:00:31 CST 2024.
Changes pushed to GitHub at Mon Dec 16 14:01:32 CST 2024.
Changes pushed to GitHub at Mon Dec 16 14:02:33 CST 2024.
Changes pushed to GitHub at Mon Dec 16 14:03:34 CST 2024.
Changes pushed to GitHub at Mon Dec 16 14:04:35 CST 2024.
Changes pushed to GitHub at Mon Dec 16 14:05:36 CST 2024.
Changes pushed to GitHub at Mon Dec 16 14:06:37 CST 2024.
Changes pushed to GitHub at Mon Dec 16 14:07:38 CST 2024.
Changes pushed to GitHub at Mon Dec 16 14:08:39 CST 2024.
Changes pushed to GitHub at Mon Dec 16 14:09:40 CST 2024.
Changes pushed to GitHub at Mon Dec 16 14:10:41 CST 2024.
Changes pushed to GitHub at Mon Dec 16 14:11:42 CST 2024.
Changes pushed to GitHub at Mon Dec 16 14:12:43 CST 2024.
Changes pushed to GitHub at Mon Dec 16 14:13:44 CST 2024.
Changes pushed to GitHub at Mon Dec 16 14:14:45 CST 2024.
Changes pushed to GitHub at Mon Dec 16 14:15:46 CST 2024.
Changes pushed to GitHub at Mon Dec 16 14:16:47 CST 2024.
Changes pushed to GitHub at Mon Dec 16 14:17:47 CST 2024.
Changes pushed to GitHub at Mon Dec 16 14:18:48 CST 2024.
Changes pushed to GitHub at Mon Dec 16 14:19:49 CST 2024.
Changes pushed to GitHub at Mon Dec 16 21:44:34 CST 2024.
Changes pushed to GitHub at Mon Dec 16 21:45:35 CST 2024.
Changes pushed to GitHub at Mon Dec 16 21:46:35 CST 2024.
Changes pushed to GitHub at Mon Dec 16 21:47:37 CST 2024.
Changes pushed to GitHub at Mon Dec 16 21:48:38 CST 2024.
Changes pushed to GitHub at Mon Dec 16 21:49:38 CST 2024.
Changes pushed to GitHub at Mon Dec 16 21:50:39 CST 2024.
Changes pushed to GitHub at Mon Dec 16 21:51:40 CST 2024.
Changes pushed to GitHub at Mon Dec 16 21:52:41 CST 2024.
Changes pushed to GitHub at Mon Dec 16 21:53:42 CST 2024.
Changes pushed to GitHub at Mon Dec 16 21:54:43 CST 2024.
Changes pushed to GitHub at Tue Dec 17 12:05:12 CST 2024.
Changes pushed to GitHub at Tue Dec 17 12:06:13 CST 2024.
Changes pushed to GitHub at Tue Dec 17 12:07:14 CST 2024.
Changes pushed to GitHub at Tue Dec 17 12:08:15 CST 2024.
Changes pushed to GitHub at Tue Dec 17 12:09:16 CST 2024.
Changes pushed to GitHub at Tue Dec 17 12:10:17 CST 2024.
Changes pushed to GitHub at Tue Dec 17 12:11:17 CST 2024.
Changes pushed to GitHub at Wed Dec 18 21:53:58 CST 2024.
Changes pushed to GitHub at Wed Dec 18 21:54:59 CST 2024.
Changes pushed to GitHub at Thu Dec 19 12:46:00 CST 2024.
Changes pushed to GitHub at Thu Dec 19 12:47:01 CST 2024.
Changes pushed to GitHub at Thu Dec 19 12:48:02 CST 2024.
Changes pushed to GitHub at Thu Dec 19 12:49:03 CST 2024.
Changes pushed to GitHub at Thu Dec 19 12:50:04 CST 2024.
Changes pushed to GitHub at Thu Dec 19 12:51:05 CST 2024.
Changes pushed to GitHub at Thu Dec 19 12:52:06 CST 2024.
Changes pushed to GitHub at Thu Dec 19 12:53:07 CST 2024.
Changes pushed to GitHub at Thu Dec 19 12:54:08 CST 2024.
Changes pushed to GitHub at Thu Dec 19 12:55:09 CST 2024.
Changes pushed to GitHub at Thu Dec 19 12:56:10 CST 2024.
Changes pushed to GitHub at Thu Dec 19 12:57:11 CST 2024.
Changes pushed to GitHub at Thu Dec 19 12:58:12 CST 2024.
Changes pushed to GitHub at Thu Dec 19 16:23:54 CST 2024.
Changes pushed to GitHub at Thu Dec 19 16:24:54 CST 2024.
Changes pushed to GitHub at Thu Dec 19 16:36:57 CST 2024.
Changes pushed to GitHub at Thu Dec 19 16:37:58 CST 2024.
Changes pushed to GitHub at Thu Dec 19 16:38:59 CST 2024.
Changes pushed to GitHub at Thu Dec 19 16:39:59 CST 2024.
Changes pushed to GitHub at Thu Dec 19 16:41:00 CST 2024.
Changes pushed to GitHub at Thu Dec 19 16:42:01 CST 2024.
Changes pushed to GitHub at Fri Dec 20 21:40:18 CST 2024.
Changes pushed to GitHub at Fri Dec 20 21:41:19 CST 2024.
Changes pushed to GitHub at Wed Dec 25 12:26:42 CST 2024.
Changes pushed to GitHub at Wed Dec 25 12:27:43 CST 2024.
Changes pushed to GitHub at Wed Dec 25 12:28:44 CST 2024.
Changes pushed to GitHub at Wed Dec 25 12:29:45 CST 2024.
Changes pushed to GitHub at Wed Dec 25 12:30:46 CST 2024.
Changes pushed to GitHub at Wed Dec 25 12:31:47 CST 2024.
Changes pushed to GitHub at Wed Dec 25 12:32:48 CST 2024.
Changes pushed to GitHub at Wed Dec 25 12:33:49 CST 2024.
Changes pushed to GitHub at Wed Dec 25 12:34:50 CST 2024.
Changes pushed to GitHub at Wed Dec 25 12:35:51 CST 2024.
Changes pushed to GitHub at Wed Dec 25 12:36:51 CST 2024.
Changes pushed to GitHub at Wed Dec 25 12:46:17 CST 2024.
Changes pushed to GitHub at Wed Dec 25 12:47:18 CST 2024.
Changes pushed to GitHub at Wed Dec 25 12:48:18 CST 2024.
Changes pushed to GitHub at Wed Dec 25 12:49:19 CST 2024.
Changes pushed to GitHub at Wed Dec 25 12:50:20 CST 2024.
